<?xml version="1.0" encoding="UTF-8"?>
<!-- Generated by org.testng.reporters.JUnitReportReporter -->
<testsuite hostname="DESKTOP-VTBANGG" failures="0" tests="13" name="com.obs.tests.AddProductTest" time="114.110" errors="0" timestamp="2022-07-14T17:22:11 GST" skipped="3">
  <testcase classname="com.obs.tests.AddProductTest" name="verifyValidSearch" time="8.044"/>
  <system-out/>
  <testcase classname="com.obs.tests.AddProductTest" name="verifyInvalidSearch" time="8.289"/>
  <system-out/>
  <testcase classname="com.obs.tests.AddProductTest" name="verifyfilterbutton" time="12.540"/>
  <system-out/>
  <testcase classname="com.obs.tests.AddProductTest" name="verifyentries" time="12.897"/>
  <system-out/>
  <testcase classname="com.obs.tests.AddProductTest" name="Verifydeletebutton" time="12.975"/>
  <system-out/>
  <testcase classname="com.obs.tests.AddProductTest" name="Verifyaddproductbutton" time="11.205"/>
  <system-out/>
  <testcase classname="com.obs.tests.AddProductTest" name="Verifyprintbutton" time="11.620"/>
  <system-out/>
  <testcase classname="com.obs.tests.AddProductTest" name="Verifycsvbuttton" time="9.397"/>
  <system-out/>
  <testcase classname="com.obs.tests.AddProductTest" name="Verifysendvalues" time="13.792"/>
  <system-out/>
  <testcase classname="com.obs.tests.AddProductTest" name="Verifyviewproduct" time="13.351"/>
  <system-out/>
  <testcase classname="com.obs.tests.AddProductTest" name="verifyfieldsinProductmenu">
    <skipped/>
  </testcase> <!-- verifyfieldsinProductmenu -->
  <system-out/>
  <testcase classname="com.obs.tests.AddProductTest" name="Verifydeletetable">
    <skipped/>
  </testcase> <!-- Verifydeletetable -->
  <system-out/>
  <testcase classname="com.obs.tests.AddProductTest" name="Verifyeditproduct">
    <skipped/>
  </testcase> <!-- Verifyeditproduct -->
  <system-out/>
</testsuite> <!-- com.obs.tests.AddProductTest -->
