<?xml version="1.0" encoding="UTF-8"?>
<!-- Generated by org.testng.reporters.JUnitReportReporter -->
<testsuite hostname="DESKTOP-VTBANGG" failures="0" tests="8" name="com.obs.tests.CafteriaHomepageTest" time="37.978" errors="0" timestamp="2022-07-14T17:11:27 GST" skipped="2">
  <testcase classname="com.obs.tests.CafteriaHomepageTest" name="VerifyHomeLogoPresent" time="5.984"/>
  <system-out/>
  <testcase classname="com.obs.tests.CafteriaHomepageTest" name="verifyHomepageadminename" time="5.669"/>
  <system-out/>
  <testcase classname="com.obs.tests.CafteriaHomepageTest" name="verifyHomepageadminImage" time="5.535"/>
  <system-out/>
  <testcase classname="com.obs.tests.CafteriaHomepageTest" name="verifyHomepageMainmenu" time="7.021"/>
  <system-out/>
  <testcase classname="com.obs.tests.CafteriaHomepageTest" name="verifyHomepageHeading" time="5.797"/>
  <system-out/>
  <testcase classname="com.obs.tests.CafteriaHomepageTest" name="verifyProductLinkTest" time="7.972"/>
  <system-out/>
  <testcase classname="com.obs.tests.CafteriaHomepageTest" name="verifyHomepageStore">
    <skipped/>
  </testcase> <!-- verifyHomepageStore -->
  <system-out/>
  <testcase classname="com.obs.tests.CafteriaHomepageTest" name="verifyLogoutButtton">
    <skipped/>
  </testcase> <!-- verifyLogoutButtton -->
  <system-out/>
</testsuite> <!-- com.obs.tests.CafteriaHomepageTest -->
